<?xml version="1.0" encoding="UTF-8"?>
<testsuite xmlns:xsi="http://www.w3.org/2001/XMLSchema-instance" xsi:noNamespaceSchemaLocation="https://maven.apache.org/surefire/maven-surefire-plugin/xsd/surefire-test-report.xsd" version="3.0.2" name="com.salespointfxsales.www.SalespointFXsalesNetbeansApplicationTests" time="6.649" tests="1" errors="0" skipped="0" failures="0">
  <properties>
[...]
</properties>
  <testcase name="contextLoads" classname="com.salespointfxsales.www.SalespointFXsalesNetbeansApplicationTests" time="0.451">
    <system-out><![CDATA[00:05:11.252 [main] INFO org.springframework.test.context.support.AnnotationConfigContextLoaderUtils -- Could not detect default configuration classes for test class [com.salespointfxsales.www.SalespointFXsalesNetbeansApplicationTests]: SalespointFXsalesNetbeansApplicationTests does not declare any static, non-private, non-final, nested classes annotated with @Configuration.
00:05:11.431 [main] INFO org.springframework.boot.test.context.SpringBootTestContextBootstrapper -- Found @SpringBootConfiguration com.salespointfxsales.www.SalespointFXsalesNetbeansApplication for test class com.salespointfxsales.www.SalespointFXsalesNetbeansApplicationTests

  .   ____          _            __ _ _
 /\\ / ___'_ __ _ _(_)_ __  __ _ \ \ \ \
( ( )\___ | '_ | '_| | '_ \/ _` | \ \ \ \
 \\/  ___)| |_)| | | | | || (_| |  ) ) ) )
  '  |____| .__|_| |_|_| |_\__, | / / / /
 =========|_|==============|___/=/_/_/_/

 :: Spring Boot ::                (v3.4.4)

2025-05-18T00:05:12.172-06:00  WARN 12748 --- [SalespointFXsalesNetbeans] [           main] ory$DuplicateJsonObjectContextCustomizer : 

Found multiple occurrences of org.json.JSONObject on the class path:

	jar:file:/C:/Users/Sistemas/.m2/repository/com/vaadin/external/google/android-json/0.0.20131108.vaadin1/android-json-0.0.20131108.vaadin1.jar!/org/json/JSONObject.class
	jar:file:/C:/Users/Sistemas/.m2/repository/org/json/json/20250107/json-20250107.jar!/org/json/JSONObject.class

You may wish to exclude one of them to ensure predictable runtime behavior

2025-05-18T00:05:12.213-06:00  INFO 12748 --- [SalespointFXsalesNetbeans] [           main] alespointFXsalesNetbeansApplicationTests : Starting SalespointFXsalesNetbeansApplicationTests using Java 22.0.2 with PID 12748 (started by Sistemas in C:\Users\Sistemas\Documents\NetBeansProjects\SalespointFXsalesNetbeans)
2025-05-18T00:05:12.214-06:00  INFO 12748 --- [SalespointFXsalesNetbeans] [           main] alespointFXsalesNetbeansApplicationTests : No active profile set, falling back to 1 default profile: "default"
2025-05-18T00:05:13.209-06:00  INFO 12748 --- [SalespointFXsalesNetbeans] [           main] .s.d.r.c.RepositoryConfigurationDelegate : Bootstrapping Spring Data JPA repositories in DEFAULT mode.
2025-05-18T00:05:13.313-06:00  INFO 12748 --- [SalespointFXsalesNetbeans] [           main] .s.d.r.c.RepositoryConfigurationDelegate : Finished Spring Data repository scanning in 96 ms. Found 19 JPA repository interfaces.
2025-05-18T00:05:13.764-06:00  INFO 12748 --- [SalespointFXsalesNetbeans] [           main] o.hibernate.jpa.internal.util.LogHelper  : HHH000204: Processing PersistenceUnitInfo [name: default]
2025-05-18T00:05:13.814-06:00  INFO 12748 --- [SalespointFXsalesNetbeans] [           main] org.hibernate.Version                    : HHH000412: Hibernate ORM core version 6.6.11.Final
2025-05-18T00:05:13.846-06:00  INFO 12748 --- [SalespointFXsalesNetbeans] [           main] o.h.c.internal.RegionFactoryInitiator    : HHH000026: Second-level cache disabled
2025-05-18T00:05:14.144-06:00  INFO 12748 --- [SalespointFXsalesNetbeans] [           main] o.s.o.j.p.SpringPersistenceUnitInfo      : No LoadTimeWeaver setup: ignoring JPA class transformer
2025-05-18T00:05:14.176-06:00  INFO 12748 --- [SalespointFXsalesNetbeans] [           main] com.zaxxer.hikari.HikariDataSource       : HikariPool-1 - Starting...
2025-05-18T00:05:14.563-06:00  INFO 12748 --- [SalespointFXsalesNetbeans] [           main] com.zaxxer.hikari.pool.HikariPool        : HikariPool-1 - Added connection com.mysql.cj.jdbc.ConnectionImpl@30d15e4a
2025-05-18T00:05:14.565-06:00  INFO 12748 --- [SalespointFXsalesNetbeans] [           main] com.zaxxer.hikari.HikariDataSource       : HikariPool-1 - Start completed.
2025-05-18T00:05:14.640-06:00  INFO 12748 --- [SalespointFXsalesNetbeans] [           main] org.hibernate.orm.connections.pooling    : HHH10001005: Database info:
	Database JDBC URL [Connecting through datasource 'HikariDataSource (HikariPool-1)']
	Database driver: undefined/unknown
	Database version: 8.0.39
	Autocommit mode: undefined/unknown
	Isolation level: undefined/unknown
	Minimum pool size: undefined/unknown
	Maximum pool size: undefined/unknown
2025-05-18T00:05:15.844-06:00  INFO 12748 --- [SalespointFXsalesNetbeans] [           main] o.h.e.t.j.p.i.JtaPlatformInitiator       : HHH000489: No JTA platform available (set 'hibernate.transaction.jta.platform' to enable JTA platform integration)
2025-05-18T00:05:15.847-06:00  INFO 12748 --- [SalespointFXsalesNetbeans] [           main] j.LocalContainerEntityManagerFactoryBean : Initialized JPA EntityManagerFactory for persistence unit 'default'
2025-05-18T00:05:16.268-06:00  INFO 12748 --- [SalespointFXsalesNetbeans] [           main] o.s.d.j.r.query.QueryEnhancerFactory     : Hibernate is in classpath; If applicable, HQL parser will be used.
2025-05-18T00:05:17.279-06:00  INFO 12748 --- [SalespointFXsalesNetbeans] [           main] alespointFXsalesNetbeansApplicationTests : Started SalespointFXsalesNetbeansApplicationTests in 5.682 seconds (process running for 6.802)
]]></system-out>
    <system-err><![CDATA[Mockito is currently self-attaching to enable the inline-mock-maker. This will no longer work in future releases of the JDK. Please add Mockito as an agent to your build what is described in Mockito's documentation: https://javadoc.io/doc/org.mockito/mockito-core/latest/org/mockito/Mockito.html#0.3
WARNING: A Java agent has been loaded dynamically (C:\Users\Sistemas\.m2\repository\net\bytebuddy\byte-buddy-agent\1.15.11\byte-buddy-agent-1.15.11.jar)
WARNING: If a serviceability tool is in use, please run with -XX:+EnableDynamicAgentLoading to hide this warning
WARNING: If a serviceability tool is not in use, please run with -Djdk.instrument.traceUsage for more information
WARNING: Dynamic loading of agents will be disallowed by default in a future release
]]></system-err>
  </testcase>
</testsuite>